# JRE version: OpenJDK Runtime Environment (25.0+36) (build 25+36-3489)
# Java VM: OpenJDK 64-Bit Server VM (25+36-3489, mixed mode, sharing, tiered, compressed oops, compressed class ptrs, g1 gc, windows-amd64)
GC Precious Log:
 CardTable entry size: 512
 Card Set container configuration: InlinePtr #cards 5 size 8 Array Of Cards #cards 10 size 36 Howl #buckets 4 coarsen threshold 1843 Howl Bitmap #cards 512 size 80 coarsen threshold 460 Card regions per heap region 1 cards per card region 2048
 CPUs: 8 total, 8 available
 Memory: 7967M
 Large Page Support: Disabled
 NUMA Support: Disabled
 Compressed Oops: Enabled (32-bit)
 Heap Region Size: 1M
 Heap Min Capacity: 8M
 Heap Initial Capacity: 126M
 Heap Max Capacity: 1992M
 Pre-touch: Disabled
 Parallel Workers: 8
 Concurrent Workers: 2
 Concurrent Refinement Workers: 8
 Periodic GC: Disabled
Heap:
 garbage-first heap   total reserved 2039808K, committed 119808K, used 61952K [0x0000000083800000, 0x0000000100000000)
  region size 1024K, 7 young (7168K), 1 survivors (1024K)
GC Heap Usage History (12 events):
Event: 1.051 {heap Before GC invocations=0 (full 0):
 garbage-first heap   total reserved 2039808K, committed 131072K, used 49299K [0x0000000083800000, 0x0000000100000000)
  region size 1024K, 47 young (48128K), 0 survivors (0K)
}
Event: 1.057 {heap After GC invocations=1 (full 0):
 garbage-first heap   total reserved 2039808K, committed 131072K, used 5608K [0x0000000083800000, 0x0000000100000000)
  region size 1024K, 5 young (5120K), 5 survivors (5120K)
}
Event: 2.060 {heap Before GC invocations=1 (full 0):
 garbage-first heap   total reserved 2039808K, committed 131072K, used 61928K [0x0000000083800000, 0x0000000100000000)
  region size 1024K, 60 young (61440K), 5 survivors (5120K)
}
Event: 2.070 {heap After GC invocations=2 (full 0):
 garbage-first heap   total reserved 2039808K, committed 131072K, used 11066K [0x0000000083800000, 0x0000000100000000)
  region size 1024K, 6 young (6144K), 6 survivors (6144K)
}
Event: 2.970 {heap Before GC invocations=2 (full 0):
 garbage-first heap   total reserved 2039808K, committed 131072K, used 78650K [0x0000000083800000, 0x0000000100000000)
  region size 1024K, 72 young (73728K), 6 survivors (6144K)
}
Event: 2.982 {heap After GC invocations=3 (full 0):
 garbage-first heap   total reserved 2039808K, committed 131072K, used 16152K [0x0000000083800000, 0x0000000100000000)
  region size 1024K, 6 young (6144K), 6 survivors (6144K)
}
Event: 3.929 {heap Before GC invocations=3 (full 0):
 garbage-first heap   total reserved 2039808K, committed 131072K, used 87832K [0x0000000083800000, 0x0000000100000000)
  region size 1024K, 75 young (76800K), 6 survivors (6144K)
}
Event: 3.937 {heap After GC invocations=4 (full 0):
 garbage-first heap   total reserved 2039808K, committed 131072K, used 20911K [0x0000000083800000, 0x0000000100000000)
  region size 1024K, 5 young (5120K), 5 survivors (5120K)
}
Event: 7.212 {heap Before GC invocations=4 (full 0):
 garbage-first heap   total reserved 2039808K, committed 131072K, used 76207K [0x0000000083800000, 0x0000000100000000)
  region size 1024K, 59 young (60416K), 5 survivors (5120K)
}
Event: 7.220 {heap After GC invocations=5 (full 0):
 garbage-first heap   total reserved 2039808K, committed 131072K, used 26771K [0x0000000083800000, 0x0000000100000000)
  region size 1024K, 10 young (10240K), 10 survivors (10240K)
}
Event: 8.132 {heap Before GC invocations=6 (full 0):
 garbage-first heap   total reserved 2039808K, committed 92160K, used 77971K [0x0000000083800000, 0x0000000100000000)
  region size 1024K, 54 young (55296K), 10 survivors (10240K)
}
Event: 8.152 {heap After GC invocations=7 (full 0):
 garbage-first heap   total reserved 2039808K, committed 99328K, used 40595K [0x0000000083800000, 0x0000000100000000)
  region size 1024K, 7 young (7168K), 7 survivors (7168K)
}

